This file contains any messages produced by compilers while
running configure, to aid debugging if configure makes a mistake.

It was created by Treekin_hi configure 0.3.1, which was
generated by GNU Autoconf 2.68.  Invocation command line was

  $ ./configure --no-create --no-recursion

## --------- ##
## Platform. ##
## --------- ##

hostname = swimming-pool
uname -m = x86_64
uname -r = 3.2.0-54-generic
uname -s = Linux
uname -v = #82-Ubuntu SMP Tue Sep 10 20:08:42 UTC 2013

/usr/bin/uname -p = unknown
/bin/uname -X     = unknown

/bin/arch              = unknown
/usr/bin/arch -k       = unknown
/usr/convex/getsysinfo = unknown
/usr/bin/hostinfo      = unknown
/bin/machine           = unknown
/usr/bin/oslevel       = unknown
/bin/universe          = unknown

PATH: /usr/lib/lightdm/lightdm
PATH: /usr/local/sbin
PATH: /usr/local/bin
PATH: /usr/sbin
PATH: /usr/bin
PATH: /sbin
PATH: /bin
PATH: /usr/games
PATH: /vol/biotools/bin
PATH: /home/jhuang/.rvm/bin
PATH: /home/jhuang/Softwares/xpdfbin-linux-3.03/bin64


## ----------- ##
## Core tests. ##
## ----------- ##

configure:2170: checking for a BSD-compatible install
configure:2238: result: /usr/bin/install -c
configure:2249: checking whether build environment is sane
configure:2299: result: yes
configure:2440: checking for a thread-safe mkdir -p
configure:2479: result: /bin/mkdir -p
configure:2492: checking for gawk
configure:2508: found /usr/bin/gawk
configure:2519: result: gawk
configure:2530: checking whether make sets $(MAKE)
configure:2552: result: yes
configure:2637: checking build system type
configure:2651: result: x86_64-unknown-linux-gnu
configure:2671: checking host system type
configure:2684: result: x86_64-unknown-linux-gnu
configure:2783: checking for gcc
configure:2799: found /usr/bin/gcc
configure:2810: result: gcc
configure:3039: checking for C compiler version
configure:3048: gcc --version >&5
gcc (Ubuntu/Linaro 4.6.3-1ubuntu5) 4.6.3
Copyright (C) 2011 Free Software Foundation, Inc.
This is free software; see the source for copying conditions.  There is NO
warranty; not even for MERCHANTABILITY or FITNESS FOR A PARTICULAR PURPOSE.

configure:3059: $? = 0
configure:3048: gcc -v >&5
Using built-in specs.
COLLECT_GCC=gcc
COLLECT_LTO_WRAPPER=/usr/lib/gcc/x86_64-linux-gnu/4.6/lto-wrapper
Target: x86_64-linux-gnu
Configured with: ../src/configure -v --with-pkgversion='Ubuntu/Linaro 4.6.3-1ubuntu5' --with-bugurl=file:///usr/share/doc/gcc-4.6/README.Bugs --enable-languages=c,c++,fortran,objc,obj-c++ --prefix=/usr --program-suffix=-4.6 --enable-shared --enable-linker-build-id --with-system-zlib --libexecdir=/usr/lib --without-included-gettext --enable-threads=posix --with-gxx-include-dir=/usr/include/c++/4.6 --libdir=/usr/lib --enable-nls --with-sysroot=/ --enable-clocale=gnu --enable-libstdcxx-debug --enable-libstdcxx-time=yes --enable-gnu-unique-object --enable-plugin --enable-objc-gc --disable-werror --with-arch-32=i686 --with-tune=generic --enable-checking=release --build=x86_64-linux-gnu --host=x86_64-linux-gnu --target=x86_64-linux-gnu
Thread model: posix
gcc version 4.6.3 (Ubuntu/Linaro 4.6.3-1ubuntu5) 
configure:3059: $? = 0
configure:3048: gcc -V >&5
gcc: error: unrecognized option '-V'
gcc: fatal error: no input files
compilation terminated.
configure:3059: $? = 4
configure:3048: gcc -qversion >&5
gcc: error: unrecognized option '-qversion'
gcc: fatal error: no input files
compilation terminated.
configure:3059: $? = 4
configure:3079: checking whether the C compiler works
configure:3101: gcc    conftest.c  >&5
configure:3105: $? = 0
configure:3153: result: yes
configure:3156: checking for C compiler default output file name
configure:3158: result: a.out
configure:3164: checking for suffix of executables
configure:3171: gcc -o conftest    conftest.c  >&5
configure:3175: $? = 0
configure:3197: result: 
configure:3219: checking whether we are cross compiling
configure:3227: gcc -o conftest    conftest.c  >&5
configure:3231: $? = 0
configure:3238: ./conftest
configure:3242: $? = 0
configure:3257: result: no
configure:3262: checking for suffix of object files
configure:3284: gcc -c   conftest.c >&5
configure:3288: $? = 0
configure:3309: result: o
configure:3313: checking whether we are using the GNU C compiler
configure:3332: gcc -c   conftest.c >&5
configure:3332: $? = 0
configure:3341: result: yes
configure:3350: checking whether gcc accepts -g
configure:3370: gcc -c -g  conftest.c >&5
configure:3370: $? = 0
configure:3411: result: yes
configure:3428: checking for gcc option to accept ISO C89
configure:3492: gcc  -c -g -O2  conftest.c >&5
configure:3492: $? = 0
configure:3505: result: none needed
configure:3536: checking for style of include used by make
configure:3564: result: GNU
configure:3590: checking dependency style of gcc
configure:3701: result: gcc3
configure:3759: checking for ranlib
configure:3775: found /usr/bin/ranlib
configure:3786: result: ranlib
configure:3809: checking whether make sets $(MAKE)
configure:3831: result: yes
configure:3843: checking for autoconf
configure:3861: found /usr/bin/autoconf
configure:3874: result: /usr/bin/autoconf
configure:3884: checking for aclocal
configure:3902: found /usr/bin/aclocal
configure:3915: result: /usr/bin/aclocal
configure:3925: checking for make
configure:3943: found /usr/bin/make
configure:3956: result: /usr/bin/make
configure:3966: checking for ar
configure:3984: found /usr/bin/ar
configure:3997: result: /usr/bin/ar
configure:4015: checking for ddot_ in -lblas
configure:4040: gcc -o conftest -g -O2   conftest.c -lblas   >&5
configure:4040: $? = 0
configure:4049: result: yes
configure:4060: checking for dgeevx_ in -llapack
configure:4085: gcc -o conftest -g -O2   conftest.c -llapack  -lblas  >&5
configure:4085: $? = 0
configure:4094: result: yes
configure:4105: checking for isnan in -lm
configure:4130: gcc -o conftest -g -O2   conftest.c -lm  -llapack -lblas  >&5
conftest.c:20:6: warning: conflicting types for built-in function 'isnan' [enabled by default]
configure:4130: $? = 0
configure:4139: result: yes
configure:4150: checking for dseupd_ in -larpack
configure:4175: gcc -o conftest -g -O2   conftest.c -larpack  -lm -llapack -lblas  >&5
/usr/bin/ld: cannot find -larpack
collect2: ld returned 1 exit status
configure:4175: $? = 1
configure: failed program was:
| /* confdefs.h */
| #define PACKAGE_NAME "Treekin_hi"
| #define PACKAGE_TARNAME "Treekin_hi"
| #define PACKAGE_VERSION "0.3.1"
| #define PACKAGE_STRING "Treekin_hi 0.3.1"
| #define PACKAGE_BUGREPORT "mtw@tbi.univie.ac.at"
| #define PACKAGE_URL ""
| #define PACKAGE "Treekin_hi"
| #define VERSION "0.3.1"
| #define HAVE_LIBBLAS 1
| #define HAVE_LIBLAPACK 1
| #define HAVE_LIBM 1
| /* end confdefs.h.  */
| 
| /* Override any GCC internal prototype to avoid an error.
|    Use char because int might match the return type of a GCC
|    builtin and then its argument prototype would still apply.  */
| #ifdef __cplusplus
| extern "C"
| #endif
| char dseupd_ ();
| int
| main ()
| {
| return dseupd_ ();
|   ;
|   return 0;
| }
configure:4184: result: no
configure:4202: checking how to run the C preprocessor
configure:4233: gcc -E  conftest.c
configure:4233: $? = 0
configure:4247: gcc -E  conftest.c
conftest.c:14:28: fatal error: ac_nonexistent.h: No such file or directory
compilation terminated.
configure:4247: $? = 1
configure: failed program was:
| /* confdefs.h */
| #define PACKAGE_NAME "Treekin_hi"
| #define PACKAGE_TARNAME "Treekin_hi"
| #define PACKAGE_VERSION "0.3.1"
| #define PACKAGE_STRING "Treekin_hi 0.3.1"
| #define PACKAGE_BUGREPORT "mtw@tbi.univie.ac.at"
| #define PACKAGE_URL ""
| #define PACKAGE "Treekin_hi"
| #define VERSION "0.3.1"
| #define HAVE_LIBBLAS 1
| #define HAVE_LIBLAPACK 1
| #define HAVE_LIBM 1
| /* end confdefs.h.  */
| #include <ac_nonexistent.h>
configure:4272: result: gcc -E
configure:4292: gcc -E  conftest.c
configure:4292: $? = 0
configure:4306: gcc -E  conftest.c
conftest.c:14:28: fatal error: ac_nonexistent.h: No such file or directory
compilation terminated.
configure:4306: $? = 1
configure: failed program was:
| /* confdefs.h */
| #define PACKAGE_NAME "Treekin_hi"
| #define PACKAGE_TARNAME "Treekin_hi"
| #define PACKAGE_VERSION "0.3.1"
| #define PACKAGE_STRING "Treekin_hi 0.3.1"
| #define PACKAGE_BUGREPORT "mtw@tbi.univie.ac.at"
| #define PACKAGE_URL ""
| #define PACKAGE "Treekin_hi"
| #define VERSION "0.3.1"
| #define HAVE_LIBBLAS 1
| #define HAVE_LIBLAPACK 1
| #define HAVE_LIBM 1
| /* end confdefs.h.  */
| #include <ac_nonexistent.h>
configure:4335: checking for grep that handles long lines and -e
configure:4393: result: /bin/grep
configure:4398: checking for egrep
configure:4460: result: /bin/grep -E
configure:4465: checking for ANSI C header files
configure:4485: gcc -c -g -O2  conftest.c >&5
configure:4485: $? = 0
configure:4558: gcc -o conftest -g -O2   conftest.c -lm -llapack -lblas  >&5
configure:4558: $? = 0
configure:4558: ./conftest
configure:4558: $? = 0
configure:4569: result: yes
configure:4582: checking for sys/types.h
configure:4582: gcc -c -g -O2  conftest.c >&5
configure:4582: $? = 0
configure:4582: result: yes
configure:4582: checking for sys/stat.h
configure:4582: gcc -c -g -O2  conftest.c >&5
configure:4582: $? = 0
configure:4582: result: yes
configure:4582: checking for stdlib.h
configure:4582: gcc -c -g -O2  conftest.c >&5
configure:4582: $? = 0
configure:4582: result: yes
configure:4582: checking for string.h
configure:4582: gcc -c -g -O2  conftest.c >&5
configure:4582: $? = 0
configure:4582: result: yes
configure:4582: checking for memory.h
configure:4582: gcc -c -g -O2  conftest.c >&5
configure:4582: $? = 0
configure:4582: result: yes
configure:4582: checking for strings.h
configure:4582: gcc -c -g -O2  conftest.c >&5
configure:4582: $? = 0
configure:4582: result: yes
configure:4582: checking for inttypes.h
configure:4582: gcc -c -g -O2  conftest.c >&5
configure:4582: $? = 0
configure:4582: result: yes
configure:4582: checking for stdint.h
configure:4582: gcc -c -g -O2  conftest.c >&5
configure:4582: $? = 0
configure:4582: result: yes
configure:4582: checking for unistd.h
configure:4582: gcc -c -g -O2  conftest.c >&5
configure:4582: $? = 0
configure:4582: result: yes
configure:4596: checking errno.h usability
configure:4596: gcc -c -g -O2  conftest.c >&5
configure:4596: $? = 0
configure:4596: result: yes
configure:4596: checking errno.h presence
configure:4596: gcc -E  conftest.c
configure:4596: $? = 0
configure:4596: result: yes
configure:4596: checking for errno.h
configure:4596: result: yes
configure:4610: checking math.h usability
configure:4610: gcc -c -g -O2  conftest.c >&5
configure:4610: $? = 0
configure:4610: result: yes
configure:4610: checking math.h presence
configure:4610: gcc -E  conftest.c
configure:4610: $? = 0
configure:4610: result: yes
configure:4610: checking for math.h
configure:4610: result: yes
configure:4622: checking whether byte ordering is bigendian
configure:4637: gcc -c -g -O2  conftest.c >&5
conftest.c:27:9: error: unknown type name 'not'
conftest.c:27:15: error: expected '=', ',', ';', 'asm' or '__attribute__' before 'universal'
conftest.c:27:15: error: unknown type name 'universal'
configure:4637: $? = 1
configure: failed program was:
| /* confdefs.h */
| #define PACKAGE_NAME "Treekin_hi"
| #define PACKAGE_TARNAME "Treekin_hi"
| #define PACKAGE_VERSION "0.3.1"
| #define PACKAGE_STRING "Treekin_hi 0.3.1"
| #define PACKAGE_BUGREPORT "mtw@tbi.univie.ac.at"
| #define PACKAGE_URL ""
| #define PACKAGE "Treekin_hi"
| #define VERSION "0.3.1"
| #define HAVE_LIBBLAS 1
| #define HAVE_LIBLAPACK 1
| #define HAVE_LIBM 1
| #define STDC_HEADERS 1
| #define HAVE_SYS_TYPES_H 1
| #define HAVE_SYS_STAT_H 1
| #define HAVE_STDLIB_H 1
| #define HAVE_STRING_H 1
| #define HAVE_MEMORY_H 1
| #define HAVE_STRINGS_H 1
| #define HAVE_INTTYPES_H 1
| #define HAVE_STDINT_H 1
| #define HAVE_UNISTD_H 1
| #define HAVE_ERRNO_H 1
| #define HAVE_MATH_H 1
| /* end confdefs.h.  */
| #ifndef __APPLE_CC__
| 	       not a universal capable compiler
| 	     #endif
| 	     typedef int dummy;
| 
configure:4682: gcc -c -g -O2  conftest.c >&5
configure:4682: $? = 0
configure:4700: gcc -c -g -O2  conftest.c >&5
conftest.c: In function 'main':
conftest.c:33:4: error: unknown type name 'not'
conftest.c:33:12: error: expected '=', ',', ';', 'asm' or '__attribute__' before 'endian'
configure:4700: $? = 1
configure: failed program was:
| /* confdefs.h */
| #define PACKAGE_NAME "Treekin_hi"
| #define PACKAGE_TARNAME "Treekin_hi"
| #define PACKAGE_VERSION "0.3.1"
| #define PACKAGE_STRING "Treekin_hi 0.3.1"
| #define PACKAGE_BUGREPORT "mtw@tbi.univie.ac.at"
| #define PACKAGE_URL ""
| #define PACKAGE "Treekin_hi"
| #define VERSION "0.3.1"
| #define HAVE_LIBBLAS 1
| #define HAVE_LIBLAPACK 1
| #define HAVE_LIBM 1
| #define STDC_HEADERS 1
| #define HAVE_SYS_TYPES_H 1
| #define HAVE_SYS_STAT_H 1
| #define HAVE_STDLIB_H 1
| #define HAVE_STRING_H 1
| #define HAVE_MEMORY_H 1
| #define HAVE_STRINGS_H 1
| #define HAVE_INTTYPES_H 1
| #define HAVE_STDINT_H 1
| #define HAVE_UNISTD_H 1
| #define HAVE_ERRNO_H 1
| #define HAVE_MATH_H 1
| /* end confdefs.h.  */
| #include <sys/types.h>
| 		#include <sys/param.h>
| 
| int
| main ()
| {
| #if BYTE_ORDER != BIG_ENDIAN
| 		 not big endian
| 		#endif
| 
|   ;
|   return 0;
| }
configure:4828: result: no
configure:4846: checking for an ANSI C-conforming const
configure:4911: gcc -c -g -O2  conftest.c >&5
configure:4911: $? = 0
configure:4918: result: yes
configure:4926: checking for size_t
configure:4926: gcc -c -g -O2  conftest.c >&5
configure:4926: $? = 0
configure:4926: gcc -c -g -O2  conftest.c >&5
conftest.c: In function 'main':
conftest.c:62:21: error: expected expression before ')' token
configure:4926: $? = 1
configure: failed program was:
| /* confdefs.h */
| #define PACKAGE_NAME "Treekin_hi"
| #define PACKAGE_TARNAME "Treekin_hi"
| #define PACKAGE_VERSION "0.3.1"
| #define PACKAGE_STRING "Treekin_hi 0.3.1"
| #define PACKAGE_BUGREPORT "mtw@tbi.univie.ac.at"
| #define PACKAGE_URL ""
| #define PACKAGE "Treekin_hi"
| #define VERSION "0.3.1"
| #define HAVE_LIBBLAS 1
| #define HAVE_LIBLAPACK 1
| #define HAVE_LIBM 1
| #define STDC_HEADERS 1
| #define HAVE_SYS_TYPES_H 1
| #define HAVE_SYS_STAT_H 1
| #define HAVE_STDLIB_H 1
| #define HAVE_STRING_H 1
| #define HAVE_MEMORY_H 1
| #define HAVE_STRINGS_H 1
| #define HAVE_INTTYPES_H 1
| #define HAVE_STDINT_H 1
| #define HAVE_UNISTD_H 1
| #define HAVE_ERRNO_H 1
| #define HAVE_MATH_H 1
| /* end confdefs.h.  */
| #include <stdio.h>
| #ifdef HAVE_SYS_TYPES_H
| # include <sys/types.h>
| #endif
| #ifdef HAVE_SYS_STAT_H
| # include <sys/stat.h>
| #endif
| #ifdef STDC_HEADERS
| # include <stdlib.h>
| # include <stddef.h>
| #else
| # ifdef HAVE_STDLIB_H
| #  include <stdlib.h>
| # endif
| #endif
| #ifdef HAVE_STRING_H
| # if !defined STDC_HEADERS && defined HAVE_MEMORY_H
| #  include <memory.h>
| # endif
| # include <string.h>
| #endif
| #ifdef HAVE_STRINGS_H
| # include <strings.h>
| #endif
| #ifdef HAVE_INTTYPES_H
| # include <inttypes.h>
| #endif
| #ifdef HAVE_STDINT_H
| # include <stdint.h>
| #endif
| #ifdef HAVE_UNISTD_H
| # include <unistd.h>
| #endif
| int
| main ()
| {
| if (sizeof ((size_t)))
| 	    return 0;
|   ;
|   return 0;
| }
configure:4926: result: yes
configure:5090: creating ./config.status
configure:6425:

You can run make now.


## ---------------- ##
## Cache variables. ##
## ---------------- ##

ac_cv_build=x86_64-unknown-linux-gnu
ac_cv_c_bigendian=no
ac_cv_c_compiler_gnu=yes
ac_cv_c_const=yes
ac_cv_env_CC_set=
ac_cv_env_CC_value=
ac_cv_env_CFLAGS_set=
ac_cv_env_CFLAGS_value=
ac_cv_env_CPPFLAGS_set=
ac_cv_env_CPPFLAGS_value=
ac_cv_env_CPP_set=
ac_cv_env_CPP_value=
ac_cv_env_LDFLAGS_set=
ac_cv_env_LDFLAGS_value=
ac_cv_env_LIBS_set=
ac_cv_env_LIBS_value=
ac_cv_env_build_alias_set=
ac_cv_env_build_alias_value=
ac_cv_env_host_alias_set=
ac_cv_env_host_alias_value=
ac_cv_env_target_alias_set=
ac_cv_env_target_alias_value=
ac_cv_header_errno_h=yes
ac_cv_header_inttypes_h=yes
ac_cv_header_math_h=yes
ac_cv_header_memory_h=yes
ac_cv_header_stdc=yes
ac_cv_header_stdint_h=yes
ac_cv_header_stdlib_h=yes
ac_cv_header_string_h=yes
ac_cv_header_strings_h=yes
ac_cv_header_sys_stat_h=yes
ac_cv_header_sys_types_h=yes
ac_cv_header_unistd_h=yes
ac_cv_host=x86_64-unknown-linux-gnu
ac_cv_lib_arpack_dseupd_=no
ac_cv_lib_blas_ddot_=yes
ac_cv_lib_lapack_dgeevx_=yes
ac_cv_lib_m_isnan=yes
ac_cv_objext=o
ac_cv_path_ACLOCAL=/usr/bin/aclocal
ac_cv_path_AR=/usr/bin/ar
ac_cv_path_AUTOCONF=/usr/bin/autoconf
ac_cv_path_EGREP='/bin/grep -E'
ac_cv_path_GREP=/bin/grep
ac_cv_path_MAKE=/usr/bin/make
ac_cv_path_install='/usr/bin/install -c'
ac_cv_path_mkdir=/bin/mkdir
ac_cv_prog_AWK=gawk
ac_cv_prog_CPP='gcc -E'
ac_cv_prog_ac_ct_CC=gcc
ac_cv_prog_ac_ct_RANLIB=ranlib
ac_cv_prog_cc_c89=
ac_cv_prog_cc_g=yes
ac_cv_prog_make_make_set=yes
ac_cv_type_size_t=yes
am_cv_CC_dependencies_compiler_type=gcc3

## ----------------- ##
## Output variables. ##
## ----------------- ##

ACLOCAL='/usr/bin/aclocal'
AMDEPBACKSLASH='\'
AMDEP_FALSE='#'
AMDEP_TRUE=''
AMTAR='$${TAR-tar}'
AR='/usr/bin/ar'
AUTOCONF='/usr/bin/autoconf'
AUTOHEADER='${SHELL} /home/jhuang/Downloads/RNAHeliCes-2.0.12/HiKinetics/Treekin-0.3.1_hi/config/missing --run autoheader'
AUTOMAKE='${SHELL} /home/jhuang/Downloads/RNAHeliCes-2.0.12/HiKinetics/Treekin-0.3.1_hi/config/missing --run automake-1.11'
AWK='gawk'
CC='gcc'
CCDEPMODE='depmode=gcc3'
CFLAGS='-g -O2'
CPP='gcc -E'
CPPFLAGS=''
CYGPATH_W='echo'
DEFS='-DHAVE_CONFIG_H'
DEPDIR='.deps'
ECHO_C=''
ECHO_N='-n'
ECHO_T=''
EGREP='/bin/grep -E'
EXEEXT=''
GREP='/bin/grep'
HOST_TYPE='linux'
INSTALL_DATA='${INSTALL} -m 644'
INSTALL_PROGRAM='${INSTALL}'
INSTALL_SCRIPT='${INSTALL}'
INSTALL_STRIP_PROGRAM='$(install_sh) -c -s'
LDFLAGS=''
LIBOBJS=''
LIBS='-lm -llapack -lblas '
LTLIBOBJS=''
MAKE='/usr/bin/make'
MAKEINFO='${SHELL} /home/jhuang/Downloads/RNAHeliCes-2.0.12/HiKinetics/Treekin-0.3.1_hi/config/missing --run makeinfo'
MKDIR_P='/bin/mkdir -p'
OBJEXT='o'
PACKAGE='Treekin_hi'
PACKAGE_BUGREPORT='mtw@tbi.univie.ac.at'
PACKAGE_NAME='Treekin_hi'
PACKAGE_STRING='Treekin_hi 0.3.1'
PACKAGE_TARNAME='Treekin_hi'
PACKAGE_URL=''
PACKAGE_VERSION='0.3.1'
PATH_SEPARATOR=':'
RANLIB='ranlib'
SET_MAKE=''
SHAREDLIBEXT='so'
SHELL='/bin/bash'
STRIP=''
TestDataDirectory='$(srcdir)'
VERSION='0.3.1'
ac_ct_CC='gcc'
am__EXEEXT_FALSE=''
am__EXEEXT_TRUE='#'
am__fastdepCC_FALSE='#'
am__fastdepCC_TRUE=''
am__include='include'
am__isrc=''
am__leading_dot='.'
am__nodep='_no'
am__quote=''
am__tar='$${TAR-tar} chof - "$$tardir"'
am__untar='$${TAR-tar} xf -'
bindir='${exec_prefix}/bin'
build='x86_64-unknown-linux-gnu'
build_alias=''
build_cpu='x86_64'
build_os='linux-gnu'
build_vendor='unknown'
datadir='${datarootdir}'
datarootdir='${prefix}/share'
docdir='${datarootdir}/doc/${PACKAGE_TARNAME}'
dvidir='${docdir}'
exec_prefix='${prefix}'
host='x86_64-unknown-linux-gnu'
host_alias=''
host_cpu='x86_64'
host_os='linux-gnu'
host_vendor='unknown'
htmldir='${docdir}'
includedir='${prefix}/include'
infodir='${datarootdir}/info'
install_sh='${SHELL} /home/jhuang/Downloads/RNAHeliCes-2.0.12/HiKinetics/Treekin-0.3.1_hi/config/install-sh'
libdir='${exec_prefix}/lib'
libexecdir='${exec_prefix}/libexec'
localedir='${datarootdir}/locale'
localstatedir='${prefix}/var'
mandir='${datarootdir}/man'
mkdir_p='/bin/mkdir -p'
oldincludedir='/usr/include'
pdfdir='${docdir}'
prefix='/usr/local'
program_transform_name='s,x,x,'
psdir='${docdir}'
sbindir='${exec_prefix}/sbin'
sharedstatedir='${prefix}/com'
sysconfdir='${prefix}/etc'
target_alias=''

## ----------- ##
## confdefs.h. ##
## ----------- ##

/* confdefs.h */
#define PACKAGE_NAME "Treekin_hi"
#define PACKAGE_TARNAME "Treekin_hi"
#define PACKAGE_VERSION "0.3.1"
#define PACKAGE_STRING "Treekin_hi 0.3.1"
#define PACKAGE_BUGREPORT "mtw@tbi.univie.ac.at"
#define PACKAGE_URL ""
#define PACKAGE "Treekin_hi"
#define VERSION "0.3.1"
#define HAVE_LIBBLAS 1
#define HAVE_LIBLAPACK 1
#define HAVE_LIBM 1
#define STDC_HEADERS 1
#define HAVE_SYS_TYPES_H 1
#define HAVE_SYS_STAT_H 1
#define HAVE_STDLIB_H 1
#define HAVE_STRING_H 1
#define HAVE_MEMORY_H 1
#define HAVE_STRINGS_H 1
#define HAVE_INTTYPES_H 1
#define HAVE_STDINT_H 1
#define HAVE_UNISTD_H 1
#define HAVE_ERRNO_H 1
#define HAVE_MATH_H 1

configure: exit 0

## ---------------------- ##
## Running config.status. ##
## ---------------------- ##

This file was extended by Treekin_hi config.status 0.3.1, which was
generated by GNU Autoconf 2.68.  Invocation command line was

  CONFIG_FILES    = 
  CONFIG_HEADERS  = 
  CONFIG_LINKS    = 
  CONFIG_COMMANDS = 
  $ ./config.status 

on swimming-pool

config.status:879: creating Makefile
config.status:879: creating config.h
config.status:1060: config.h is unchanged
config.status:1108: executing depfiles commands

## ---------------------- ##
## Running config.status. ##
## ---------------------- ##

This file was extended by Treekin_hi config.status 0.3.1, which was
generated by GNU Autoconf 2.68.  Invocation command line was

  CONFIG_FILES    = 
  CONFIG_HEADERS  = 
  CONFIG_LINKS    = 
  CONFIG_COMMANDS = 
  $ ./config.status config.h

on swimming-pool

config.status:879: creating config.h
config.status:1060: config.h is unchanged

## ---------------------- ##
## Running config.status. ##
## ---------------------- ##

This file was extended by Treekin_hi config.status 0.3.1, which was
generated by GNU Autoconf 2.68.  Invocation command line was

  CONFIG_FILES    = 
  CONFIG_HEADERS  = 
  CONFIG_LINKS    = 
  CONFIG_COMMANDS = 
  $ ./config.status 

on swimming-pool

config.status:879: creating Makefile
config.status:879: creating config.h
config.status:1060: config.h is unchanged
config.status:1108: executing depfiles commands
